2022/08/01 20:48:09 main.go:15: test
2022/08/01 21:06:00 users.go:27: sql: converting argument $1 type: unsupported type func() uuid.UUID, a func
2022/08/02 19:53:16 user_auth.go:38: sql: no rows in result set
2022/08/02 19:53:16 server.go:3197: http: superfluous response.WriteHeader call from main/app/controllers.authenticate (user_auth.go:57)
2022/08/02 19:54:04 user_auth.go:38: sql: no rows in result set
2022/08/02 19:54:04 server.go:3197: http: superfluous response.WriteHeader call from main/app/controllers.authenticate (user_auth.go:57)
2022/08/02 20:38:40 server.go:3197: http: panic serving [::1]:60194: open app/views/templates/private_navbar.html: no such file or directory
goroutine 5 [running]:
net/http.(*conn).serve.func1()
	/usr/local/go/src/net/http/server.go:1825 +0x11c
panic({0x101159d60, 0x1400018e210})
	/usr/local/go/src/runtime/panic.go:844 +0x26c
text/template.Must(0x0, {0x1011a1c08, 0x1400018e210})
	/usr/local/go/src/text/template/helper.go:25 +0x88
main/app/controllers.generateHTML({0x1011a3ec0, 0x140001681c0}, {0x101138a00, 0x1011a0a50}, {0x14000127578, 0x3, 0x3})
	/Users/hirotokadota/go/src/todo-app/app/controllers/server.go:17 +0xdc
main/app/controllers.index({0x1011a3ec0, 0x140001681c0}, 0x1400015c100)
	/Users/hirotokadota/go/src/todo-app/app/controllers/route_main.go:26 +0x144
net/http.HandlerFunc.ServeHTTP(0x10119fd10, {0x1011a3ec0, 0x140001681c0}, 0x1400015c100)
	/usr/local/go/src/net/http/server.go:2084 +0x48
net/http.(*ServeMux).ServeHTTP(0x1013945e0, {0x1011a3ec0, 0x140001681c0}, 0x1400015c100)
	/usr/local/go/src/net/http/server.go:2462 +0x134
net/http.serverHandler.ServeHTTP({0x14000168000}, {0x1011a3ec0, 0x140001681c0}, 0x1400015c100)
	/usr/local/go/src/net/http/server.go:2916 +0x424
net/http.(*conn).serve(0x1400011ee60, {0x1011a40a0, 0x14000190000})
	/usr/local/go/src/net/http/server.go:1966 +0x1510
created by net/http.(*Server).Serve
	/usr/local/go/src/net/http/server.go:3071 +0x800
2022/08/02 20:38:40 server.go:3197: http: panic serving [::1]:60195: open app/views/templates/private_navbar.html: no such file or directory
goroutine 6 [running]:
net/http.(*conn).serve.func1()
	/usr/local/go/src/net/http/server.go:1825 +0x11c
panic({0x101159d60, 0x1400007f980})
	/usr/local/go/src/runtime/panic.go:844 +0x26c
text/template.Must(0x0, {0x1011a1c08, 0x1400007f980})
	/usr/local/go/src/text/template/helper.go:25 +0x88
main/app/controllers.generateHTML({0x1011a3ec0, 0x140001e0000}, {0x101138a00, 0x1011a0a50}, {0x14000127578, 0x3, 0x3})
	/Users/hirotokadota/go/src/todo-app/app/controllers/server.go:17 +0xdc
main/app/controllers.index({0x1011a3ec0, 0x140001e0000}, 0x140001a2100)
	/Users/hirotokadota/go/src/todo-app/app/controllers/route_main.go:26 +0x144
net/http.HandlerFunc.ServeHTTP(0x10119fd10, {0x1011a3ec0, 0x140001e0000}, 0x140001a2100)
	/usr/local/go/src/net/http/server.go:2084 +0x48
net/http.(*ServeMux).ServeHTTP(0x1013945e0, {0x1011a3ec0, 0x140001e0000}, 0x140001a2100)
	/usr/local/go/src/net/http/server.go:2462 +0x134
net/http.serverHandler.ServeHTTP({0x14000168000}, {0x1011a3ec0, 0x140001e0000}, 0x140001a2100)
	/usr/local/go/src/net/http/server.go:2916 +0x424
net/http.(*conn).serve(0x1400011ef00, {0x1011a40a0, 0x1400002a4c0})
	/usr/local/go/src/net/http/server.go:1966 +0x1510
created by net/http.(*Server).Serve
	/usr/local/go/src/net/http/server.go:3071 +0x800
2022/08/02 20:38:40 server.go:3197: http: panic serving [::1]:60196: open app/views/templates/private_navbar.html: no such file or directory
goroutine 10 [running]:
net/http.(*conn).serve.func1()
	/usr/local/go/src/net/http/server.go:1825 +0x11c
panic({0x101159d60, 0x1400018e5d0})
	/usr/local/go/src/runtime/panic.go:844 +0x26c
text/template.Must(0x0, {0x1011a1c08, 0x1400018e5d0})
	/usr/local/go/src/text/template/helper.go:25 +0x88
main/app/controllers.generateHTML({0x1011a3ec0, 0x140001682a0}, {0x101138a00, 0x1011a0a50}, {0x14000127578, 0x3, 0x3})
	/Users/hirotokadota/go/src/todo-app/app/controllers/server.go:17 +0xdc
main/app/controllers.index({0x1011a3ec0, 0x140001682a0}, 0x1400015c200)
	/Users/hirotokadota/go/src/todo-app/app/controllers/route_main.go:26 +0x144
net/http.HandlerFunc.ServeHTTP(0x10119fd10, {0x1011a3ec0, 0x140001682a0}, 0x1400015c200)
	/usr/local/go/src/net/http/server.go:2084 +0x48
net/http.(*ServeMux).ServeHTTP(0x1013945e0, {0x1011a3ec0, 0x140001682a0}, 0x1400015c200)
	/usr/local/go/src/net/http/server.go:2462 +0x134
net/http.serverHandler.ServeHTTP({0x14000168000}, {0x1011a3ec0, 0x140001682a0}, 0x1400015c200)
	/usr/local/go/src/net/http/server.go:2916 +0x424
net/http.(*conn).serve(0x1400011efa0, {0x1011a40a0, 0x1400002a7c0})
	/usr/local/go/src/net/http/server.go:1966 +0x1510
created by net/http.(*Server).Serve
	/usr/local/go/src/net/http/server.go:3071 +0x800
2022/08/02 20:38:41 server.go:3197: http: panic serving [::1]:60198: open app/views/templates/private_navbar.html: no such file or directory
goroutine 36 [running]:
net/http.(*conn).serve.func1()
	/usr/local/go/src/net/http/server.go:1825 +0x11c
panic({0x101159d60, 0x1400018e9c0})
	/usr/local/go/src/runtime/panic.go:844 +0x26c
text/template.Must(0x0, {0x1011a1c08, 0x1400018e9c0})
	/usr/local/go/src/text/template/helper.go:25 +0x88
main/app/controllers.generateHTML({0x1011a3ec0, 0x140001e00e0}, {0x101138a00, 0x1011a0a50}, {0x14000127578, 0x3, 0x3})
	/Users/hirotokadota/go/src/todo-app/app/controllers/server.go:17 +0xdc
main/app/controllers.index({0x1011a3ec0, 0x140001e00e0}, 0x1400015c300)
	/Users/hirotokadota/go/src/todo-app/app/controllers/route_main.go:26 +0x144
net/http.HandlerFunc.ServeHTTP(0x10119fd10, {0x1011a3ec0, 0x140001e00e0}, 0x1400015c300)
	/usr/local/go/src/net/http/server.go:2084 +0x48
net/http.(*ServeMux).ServeHTTP(0x1013945e0, {0x1011a3ec0, 0x140001e00e0}, 0x1400015c300)
	/usr/local/go/src/net/http/server.go:2462 +0x134
net/http.serverHandler.ServeHTTP({0x14000168000}, {0x1011a3ec0, 0x140001e00e0}, 0x1400015c300)
	/usr/local/go/src/net/http/server.go:2916 +0x424
net/http.(*conn).serve(0x140001f8000, {0x1011a40a0, 0x1400002a940})
	/usr/local/go/src/net/http/server.go:1966 +0x1510
created by net/http.(*Server).Serve
	/usr/local/go/src/net/http/server.go:3071 +0x800
2022/08/02 20:38:41 server.go:3197: http: panic serving [::1]:60199: open app/views/templates/private_navbar.html: no such file or directory
goroutine 37 [running]:
net/http.(*conn).serve.func1()
	/usr/local/go/src/net/http/server.go:1825 +0x11c
panic({0x101159d60, 0x1400007ff50})
	/usr/local/go/src/runtime/panic.go:844 +0x26c
text/template.Must(0x0, {0x1011a1c08, 0x1400007ff50})
	/usr/local/go/src/text/template/helper.go:25 +0x88
main/app/controllers.generateHTML({0x1011a3ec0, 0x140001e01c0}, {0x101138a00, 0x1011a0a50}, {0x14000127578, 0x3, 0x3})
	/Users/hirotokadota/go/src/todo-app/app/controllers/server.go:17 +0xdc
main/app/controllers.index({0x1011a3ec0, 0x140001e01c0}, 0x140001a2200)
	/Users/hirotokadota/go/src/todo-app/app/controllers/route_main.go:26 +0x144
net/http.HandlerFunc.ServeHTTP(0x10119fd10, {0x1011a3ec0, 0x140001e01c0}, 0x140001a2200)
	/usr/local/go/src/net/http/server.go:2084 +0x48
net/http.(*ServeMux).ServeHTTP(0x1013945e0, {0x1011a3ec0, 0x140001e01c0}, 0x140001a2200)
	/usr/local/go/src/net/http/server.go:2462 +0x134
net/http.serverHandler.ServeHTTP({0x14000168000}, {0x1011a3ec0, 0x140001e01c0}, 0x140001a2200)
	/usr/local/go/src/net/http/server.go:2916 +0x424
net/http.(*conn).serve(0x140001f80a0, {0x1011a40a0, 0x14000190400})
	/usr/local/go/src/net/http/server.go:1966 +0x1510
created by net/http.(*Server).Serve
	/usr/local/go/src/net/http/server.go:3071 +0x800
2022/08/02 20:38:41 server.go:3197: http: panic serving [::1]:60200: open app/views/templates/private_navbar.html: no such file or directory
goroutine 13 [running]:
net/http.(*conn).serve.func1()
	/usr/local/go/src/net/http/server.go:1825 +0x11c
panic({0x101159d60, 0x14000222300})
	/usr/local/go/src/runtime/panic.go:844 +0x26c
text/template.Must(0x0, {0x1011a1c08, 0x14000222300})
	/usr/local/go/src/text/template/helper.go:25 +0x88
main/app/controllers.generateHTML({0x1011a3ec0, 0x14000168380}, {0x101138a00, 0x1011a0a50}, {0x14000127578, 0x3, 0x3})
	/Users/hirotokadota/go/src/todo-app/app/controllers/server.go:17 +0xdc
main/app/controllers.index({0x1011a3ec0, 0x14000168380}, 0x1400015c400)
	/Users/hirotokadota/go/src/todo-app/app/controllers/route_main.go:26 +0x144
net/http.HandlerFunc.ServeHTTP(0x10119fd10, {0x1011a3ec0, 0x14000168380}, 0x1400015c400)
	/usr/local/go/src/net/http/server.go:2084 +0x48
net/http.(*ServeMux).ServeHTTP(0x1013945e0, {0x1011a3ec0, 0x14000168380}, 0x1400015c400)
	/usr/local/go/src/net/http/server.go:2462 +0x134
net/http.serverHandler.ServeHTTP({0x14000168000}, {0x1011a3ec0, 0x14000168380}, 0x1400015c400)
	/usr/local/go/src/net/http/server.go:2916 +0x424
net/http.(*conn).serve(0x1400011f040, {0x1011a40a0, 0x1400002ab80})
	/usr/local/go/src/net/http/server.go:1966 +0x1510
created by net/http.(*Server).Serve
	/usr/local/go/src/net/http/server.go:3071 +0x800
2022/08/02 20:38:41 server.go:3197: http: panic serving [::1]:60201: open app/views/templates/private_navbar.html: no such file or directory
goroutine 16 [running]:
net/http.(*conn).serve.func1()
	/usr/local/go/src/net/http/server.go:1825 +0x11c
panic({0x101159d60, 0x1400018eea0})
	/usr/local/go/src/runtime/panic.go:844 +0x26c
text/template.Must(0x0, {0x1011a1c08, 0x1400018eea0})
	/usr/local/go/src/text/template/helper.go:25 +0x88
main/app/controllers.generateHTML({0x1011a3ec0, 0x14000168460}, {0x101138a00, 0x1011a0a50}, {0x14000127578, 0x3, 0x3})
	/Users/hirotokadota/go/src/todo-app/app/controllers/server.go:17 +0xdc
main/app/controllers.index({0x1011a3ec0, 0x14000168460}, 0x140001a2300)
	/Users/hirotokadota/go/src/todo-app/app/controllers/route_main.go:26 +0x144
net/http.HandlerFunc.ServeHTTP(0x10119fd10, {0x1011a3ec0, 0x14000168460}, 0x140001a2300)
	/usr/local/go/src/net/http/server.go:2084 +0x48
net/http.(*ServeMux).ServeHTTP(0x1013945e0, {0x1011a3ec0, 0x14000168460}, 0x140001a2300)
	/usr/local/go/src/net/http/server.go:2462 +0x134
net/http.serverHandler.ServeHTTP({0x14000168000}, {0x1011a3ec0, 0x14000168460}, 0x140001a2300)
	/usr/local/go/src/net/http/server.go:2916 +0x424
net/http.(*conn).serve(0x1400011f0e0, {0x1011a40a0, 0x14000190740})
	/usr/local/go/src/net/http/server.go:1966 +0x1510
created by net/http.(*Server).Serve
	/usr/local/go/src/net/http/server.go:3071 +0x800
2022/08/02 20:38:42 server.go:3197: http: panic serving [::1]:60202: open app/views/templates/private_navbar.html: no such file or directory
goroutine 50 [running]:
net/http.(*conn).serve.func1()
	/usr/local/go/src/net/http/server.go:1825 +0x11c
panic({0x101159d60, 0x1400009a090})
	/usr/local/go/src/runtime/panic.go:844 +0x26c
text/template.Must(0x0, {0x1011a1c08, 0x1400009a090})
	/usr/local/go/src/text/template/helper.go:25 +0x88
main/app/controllers.generateHTML({0x1011a3ec0, 0x140001e02a0}, {0x101138a00, 0x1011a0a50}, {0x14000127578, 0x3, 0x3})
	/Users/hirotokadota/go/src/todo-app/app/controllers/server.go:17 +0xdc
main/app/controllers.index({0x1011a3ec0, 0x140001e02a0}, 0x1400015c500)
	/Users/hirotokadota/go/src/todo-app/app/controllers/route_main.go:26 +0x144
net/http.HandlerFunc.ServeHTTP(0x10119fd10, {0x1011a3ec0, 0x140001e02a0}, 0x1400015c500)
	/usr/local/go/src/net/http/server.go:2084 +0x48
net/http.(*ServeMux).ServeHTTP(0x1013945e0, {0x1011a3ec0, 0x140001e02a0}, 0x1400015c500)
	/usr/local/go/src/net/http/server.go:2462 +0x134
net/http.serverHandler.ServeHTTP({0x14000168000}, {0x1011a3ec0, 0x140001e02a0}, 0x1400015c500)
	/usr/local/go/src/net/http/server.go:2916 +0x424
net/http.(*conn).serve(0x1400011f180, {0x1011a40a0, 0x1400002ad80})
	/usr/local/go/src/net/http/server.go:1966 +0x1510
created by net/http.(*Server).Serve
	/usr/local/go/src/net/http/server.go:3071 +0x800
2022/08/02 20:38:42 server.go:3197: http: panic serving [::1]:60203: open app/views/templates/private_navbar.html: no such file or directory
goroutine 42 [running]:
net/http.(*conn).serve.func1()
	/usr/local/go/src/net/http/server.go:1825 +0x11c
panic({0x101159d60, 0x140002226c0})
	/usr/local/go/src/runtime/panic.go:844 +0x26c
text/template.Must(0x0, {0x1011a1c08, 0x140002226c0})
	/usr/local/go/src/text/template/helper.go:25 +0x88
main/app/controllers.generateHTML({0x1011a3ec0, 0x140001e0380}, {0x101138a00, 0x1011a0a50}, {0x140002af578, 0x3, 0x3})
	/Users/hirotokadota/go/src/todo-app/app/controllers/server.go:17 +0xdc
main/app/controllers.index({0x1011a3ec0, 0x140001e0380}, 0x140001a2400)
	/Users/hirotokadota/go/src/todo-app/app/controllers/route_main.go:26 +0x144
net/http.HandlerFunc.ServeHTTP(0x10119fd10, {0x1011a3ec0, 0x140001e0380}, 0x140001a2400)
	/usr/local/go/src/net/http/server.go:2084 +0x48
net/http.(*ServeMux).ServeHTTP(0x1013945e0, {0x1011a3ec0, 0x140001e0380}, 0x140001a2400)
	/usr/local/go/src/net/http/server.go:2462 +0x134
net/http.serverHandler.ServeHTTP({0x14000168000}, {0x1011a3ec0, 0x140001e0380}, 0x140001a2400)
	/usr/local/go/src/net/http/server.go:2916 +0x424
net/http.(*conn).serve(0x140001f8140, {0x1011a40a0, 0x140001908c0})
	/usr/local/go/src/net/http/server.go:1966 +0x1510
created by net/http.(*Server).Serve
	/usr/local/go/src/net/http/server.go:3071 +0x800
2022/08/02 20:38:42 server.go:3197: http: panic serving [::1]:60204: open app/views/templates/private_navbar.html: no such file or directory
goroutine 53 [running]:
net/http.(*conn).serve.func1()
	/usr/local/go/src/net/http/server.go:1825 +0x11c
panic({0x101159d60, 0x1400018f560})
	/usr/local/go/src/runtime/panic.go:844 +0x26c
text/template.Must(0x0, {0x1011a1c08, 0x1400018f560})
	/usr/local/go/src/text/template/helper.go:25 +0x88
main/app/controllers.generateHTML({0x1011a3ec0, 0x14000168540}, {0x101138a00, 0x1011a0a50}, {0x140002af578, 0x3, 0x3})
	/Users/hirotokadota/go/src/todo-app/app/controllers/server.go:17 +0xdc
main/app/controllers.index({0x1011a3ec0, 0x14000168540}, 0x1400015c700)
	/Users/hirotokadota/go/src/todo-app/app/controllers/route_main.go:26 +0x144
net/http.HandlerFunc.ServeHTTP(0x10119fd10, {0x1011a3ec0, 0x14000168540}, 0x1400015c700)
	/usr/local/go/src/net/http/server.go:2084 +0x48
net/http.(*ServeMux).ServeHTTP(0x1013945e0, {0x1011a3ec0, 0x14000168540}, 0x1400015c700)
	/usr/local/go/src/net/http/server.go:2462 +0x134
net/http.serverHandler.ServeHTTP({0x14000168000}, {0x1011a3ec0, 0x14000168540}, 0x1400015c700)
	/usr/local/go/src/net/http/server.go:2916 +0x424
net/http.(*conn).serve(0x1400011f220, {0x1011a40a0, 0x1400002af80})
	/usr/local/go/src/net/http/server.go:1966 +0x1510
created by net/http.(*Server).Serve
	/usr/local/go/src/net/http/server.go:3071 +0x800
2022/08/02 20:38:42 server.go:3197: http: panic serving [::1]:60205: open app/views/templates/private_navbar.html: no such file or directory
goroutine 47 [running]:
net/http.(*conn).serve.func1()
	/usr/local/go/src/net/http/server.go:1825 +0x11c
panic({0x101159d60, 0x1400018fa70})
	/usr/local/go/src/runtime/panic.go:844 +0x26c
text/template.Must(0x0, {0x1011a1c08, 0x1400018fa70})
	/usr/local/go/src/text/template/helper.go:25 +0x88
main/app/controllers.generateHTML({0x1011a3ec0, 0x140001e0460}, {0x101138a00, 0x1011a0a50}, {0x140002af578, 0x3, 0x3})
	/Users/hirotokadota/go/src/todo-app/app/controllers/server.go:17 +0xdc
main/app/controllers.index({0x1011a3ec0, 0x140001e0460}, 0x140001a2600)
	/Users/hirotokadota/go/src/todo-app/app/controllers/route_main.go:26 +0x144
net/http.HandlerFunc.ServeHTTP(0x10119fd10, {0x1011a3ec0, 0x140001e0460}, 0x140001a2600)
	/usr/local/go/src/net/http/server.go:2084 +0x48
net/http.(*ServeMux).ServeHTTP(0x1013945e0, {0x1011a3ec0, 0x140001e0460}, 0x140001a2600)
	/usr/local/go/src/net/http/server.go:2462 +0x134
net/http.serverHandler.ServeHTTP({0x14000168000}, {0x1011a3ec0, 0x140001e0460}, 0x140001a2600)
	/usr/local/go/src/net/http/server.go:2916 +0x424
net/http.(*conn).serve(0x140001f81e0, {0x1011a40a0, 0x14000190cc0})
	/usr/local/go/src/net/http/server.go:1966 +0x1510
created by net/http.(*Server).Serve
	/usr/local/go/src/net/http/server.go:3071 +0x800
2022/08/02 20:38:42 server.go:3197: http: panic serving [::1]:60206: open app/views/templates/private_navbar.html: no such file or directory
goroutine 48 [running]:
net/http.(*conn).serve.func1()
	/usr/local/go/src/net/http/server.go:1825 +0x11c
panic({0x101159d60, 0x14000222ea0})
	/usr/local/go/src/runtime/panic.go:844 +0x26c
text/template.Must(0x0, {0x1011a1c08, 0x14000222ea0})
	/usr/local/go/src/text/template/helper.go:25 +0x88
main/app/controllers.generateHTML({0x1011a3ec0, 0x14000168620}, {0x101138a00, 0x1011a0a50}, {0x140002ab578, 0x3, 0x3})
	/Users/hirotokadota/go/src/todo-app/app/controllers/server.go:17 +0xdc
main/app/controllers.index({0x1011a3ec0, 0x14000168620}, 0x140001a2500)
	/Users/hirotokadota/go/src/todo-app/app/controllers/route_main.go:26 +0x144
net/http.HandlerFunc.ServeHTTP(0x10119fd10, {0x1011a3ec0, 0x14000168620}, 0x140001a2500)
	/usr/local/go/src/net/http/server.go:2084 +0x48
net/http.(*ServeMux).ServeHTTP(0x1013945e0, {0x1011a3ec0, 0x14000168620}, 0x140001a2500)
	/usr/local/go/src/net/http/server.go:2462 +0x134
net/http.serverHandler.ServeHTTP({0x14000168000}, {0x1011a3ec0, 0x14000168620}, 0x140001a2500)
	/usr/local/go/src/net/http/server.go:2916 +0x424
net/http.(*conn).serve(0x140001f8280, {0x1011a40a0, 0x14000190c40})
	/usr/local/go/src/net/http/server.go:1966 +0x1510
created by net/http.(*Server).Serve
	/usr/local/go/src/net/http/server.go:3071 +0x800
2022/08/02 20:38:42 server.go:3197: http: panic serving [::1]:60207: open app/views/templates/private_navbar.html: no such file or directory
goroutine 56 [running]:
net/http.(*conn).serve.func1()
	/usr/local/go/src/net/http/server.go:1825 +0x11c
panic({0x101159d60, 0x14000222f30})
	/usr/local/go/src/runtime/panic.go:844 +0x26c
text/template.Must(0x0, {0x1011a1c08, 0x14000222f30})
	/usr/local/go/src/text/template/helper.go:25 +0x88
main/app/controllers.generateHTML({0x1011a3ec0, 0x140001e0540}, {0x101138a00, 0x1011a0a50}, {0x140002af578, 0x3, 0x3})
	/Users/hirotokadota/go/src/todo-app/app/controllers/server.go:17 +0xdc
main/app/controllers.index({0x1011a3ec0, 0x140001e0540}, 0x1400015c800)
	/Users/hirotokadota/go/src/todo-app/app/controllers/route_main.go:26 +0x144
net/http.HandlerFunc.ServeHTTP(0x10119fd10, {0x1011a3ec0, 0x140001e0540}, 0x1400015c800)
	/usr/local/go/src/net/http/server.go:2084 +0x48
net/http.(*ServeMux).ServeHTTP(0x1013945e0, {0x1011a3ec0, 0x140001e0540}, 0x1400015c800)
	/usr/local/go/src/net/http/server.go:2462 +0x134
net/http.serverHandler.ServeHTTP({0x14000168000}, {0x1011a3ec0, 0x140001e0540}, 0x1400015c800)
	/usr/local/go/src/net/http/server.go:2916 +0x424
net/http.(*conn).serve(0x1400011f2c0, {0x1011a40a0, 0x1400002b100})
	/usr/local/go/src/net/http/server.go:1966 +0x1510
created by net/http.(*Server).Serve
	/usr/local/go/src/net/http/server.go:3071 +0x800
2022/08/02 20:38:42 server.go:3197: http: panic serving [::1]:60208: open app/views/templates/private_navbar.html: no such file or directory
goroutine 20 [running]:
net/http.(*conn).serve.func1()
	/usr/local/go/src/net/http/server.go:1825 +0x11c
panic({0x101159d60, 0x1400009a690})
	/usr/local/go/src/runtime/panic.go:844 +0x26c
text/template.Must(0x0, {0x1011a1c08, 0x1400009a690})
	/usr/local/go/src/text/template/helper.go:25 +0x88
main/app/controllers.generateHTML({0x1011a3ec0, 0x140000e0000}, {0x101138a00, 0x1011a0a50}, {0x14000127578, 0x3, 0x3})
	/Users/hirotokadota/go/src/todo-app/app/controllers/server.go:17 +0xdc
main/app/controllers.index({0x1011a3ec0, 0x140000e0000}, 0x140000d2000)
	/Users/hirotokadota/go/src/todo-app/app/controllers/route_main.go:26 +0x144
net/http.HandlerFunc.ServeHTTP(0x10119fd10, {0x1011a3ec0, 0x140000e0000}, 0x140000d2000)
	/usr/local/go/src/net/http/server.go:2084 +0x48
net/http.(*ServeMux).ServeHTTP(0x1013945e0, {0x1011a3ec0, 0x140000e0000}, 0x140000d2000)
	/usr/local/go/src/net/http/server.go:2462 +0x134
net/http.serverHandler.ServeHTTP({0x14000168000}, {0x1011a3ec0, 0x140000e0000}, 0x140000d2000)
	/usr/local/go/src/net/http/server.go:2916 +0x424
net/http.(*conn).serve(0x140000c8000, {0x1011a40a0, 0x14000092240})
	/usr/local/go/src/net/http/server.go:1966 +0x1510
created by net/http.(*Server).Serve
	/usr/local/go/src/net/http/server.go:3071 +0x800
2022/08/02 20:38:43 server.go:3197: http: panic serving [::1]:60209: open app/views/templates/private_navbar.html: no such file or directory
goroutine 23 [running]:
net/http.(*conn).serve.func1()
	/usr/local/go/src/net/http/server.go:1825 +0x11c
panic({0x101159d60, 0x1400009a900})
	/usr/local/go/src/runtime/panic.go:844 +0x26c
text/template.Must(0x0, {0x1011a1c08, 0x1400009a900})
	/usr/local/go/src/text/template/helper.go:25 +0x88
main/app/controllers.generateHTML({0x1011a3ec0, 0x14000168700}, {0x101138a00, 0x1011a0a50}, {0x140002af578, 0x3, 0x3})
	/Users/hirotokadota/go/src/todo-app/app/controllers/server.go:17 +0xdc
main/app/controllers.index({0x1011a3ec0, 0x14000168700}, 0x1400015c900)
	/Users/hirotokadota/go/src/todo-app/app/controllers/route_main.go:26 +0x144
net/http.HandlerFunc.ServeHTTP(0x10119fd10, {0x1011a3ec0, 0x14000168700}, 0x1400015c900)
	/usr/local/go/src/net/http/server.go:2084 +0x48
net/http.(*ServeMux).ServeHTTP(0x1013945e0, {0x1011a3ec0, 0x14000168700}, 0x1400015c900)
	/usr/local/go/src/net/http/server.go:2462 +0x134
net/http.serverHandler.ServeHTTP({0x14000168000}, {0x1011a3ec0, 0x14000168700}, 0x1400015c900)
	/usr/local/go/src/net/http/server.go:2916 +0x424
net/http.(*conn).serve(0x140000c80a0, {0x1011a40a0, 0x1400002b440})
	/usr/local/go/src/net/http/server.go:1966 +0x1510
created by net/http.(*Server).Serve
	/usr/local/go/src/net/http/server.go:3071 +0x800
2022/08/02 20:38:43 server.go:3197: http: panic serving [::1]:60210: open app/views/templates/private_navbar.html: no such file or directory
goroutine 24 [running]:
net/http.(*conn).serve.func1()
	/usr/local/go/src/net/http/server.go:1825 +0x11c
panic({0x101159d60, 0x1400018fd70})
	/usr/local/go/src/runtime/panic.go:844 +0x26c
text/template.Must(0x0, {0x1011a1c08, 0x1400018fd70})
	/usr/local/go/src/text/template/helper.go:25 +0x88
main/app/controllers.generateHTML({0x1011a3ec0, 0x140000e00e0}, {0x101138a00, 0x1011a0a50}, {0x140002af578, 0x3, 0x3})
	/Users/hirotokadota/go/src/todo-app/app/controllers/server.go:17 +0xdc
main/app/controllers.index({0x1011a3ec0, 0x140000e00e0}, 0x140000d2100)
	/Users/hirotokadota/go/src/todo-app/app/controllers/route_main.go:26 +0x144
net/http.HandlerFunc.ServeHTTP(0x10119fd10, {0x1011a3ec0, 0x140000e00e0}, 0x140000d2100)
	/usr/local/go/src/net/http/server.go:2084 +0x48
net/http.(*ServeMux).ServeHTTP(0x1013945e0, {0x1011a3ec0, 0x140000e00e0}, 0x140000d2100)
	/usr/local/go/src/net/http/server.go:2462 +0x134
net/http.serverHandler.ServeHTTP({0x14000168000}, {0x1011a3ec0, 0x140000e00e0}, 0x140000d2100)
	/usr/local/go/src/net/http/server.go:2916 +0x424
net/http.(*conn).serve(0x140000c8140, {0x1011a40a0, 0x140000924c0})
	/usr/local/go/src/net/http/server.go:1966 +0x1510
created by net/http.(*Server).Serve
	/usr/local/go/src/net/http/server.go:3071 +0x800
2022/08/02 20:38:43 server.go:3197: http: panic serving [::1]:60211: open app/views/templates/private_navbar.html: no such file or directory
goroutine 27 [running]:
net/http.(*conn).serve.func1()
	/usr/local/go/src/net/http/server.go:1825 +0x11c
panic({0x101159d60, 0x140002232c0})
	/usr/local/go/src/runtime/panic.go:844 +0x26c
text/template.Must(0x0, {0x1011a1c08, 0x140002232c0})
	/usr/local/go/src/text/template/helper.go:25 +0x88
main/app/controllers.generateHTML({0x1011a3ec0, 0x140000e01c0}, {0x101138a00, 0x1011a0a50}, {0x14000127578, 0x3, 0x3})
	/Users/hirotokadota/go/src/todo-app/app/controllers/server.go:17 +0xdc
main/app/controllers.index({0x1011a3ec0, 0x140000e01c0}, 0x140000d2200)
	/Users/hirotokadota/go/src/todo-app/app/controllers/route_main.go:26 +0x144
net/http.HandlerFunc.ServeHTTP(0x10119fd10, {0x1011a3ec0, 0x140000e01c0}, 0x140000d2200)
	/usr/local/go/src/net/http/server.go:2084 +0x48
net/http.(*ServeMux).ServeHTTP(0x1013945e0, {0x1011a3ec0, 0x140000e01c0}, 0x140000d2200)
	/usr/local/go/src/net/http/server.go:2462 +0x134
net/http.serverHandler.ServeHTTP({0x14000168000}, {0x1011a3ec0, 0x140000e01c0}, 0x140000d2200)
	/usr/local/go/src/net/http/server.go:2916 +0x424
net/http.(*conn).serve(0x140000c81e0, {0x1011a40a0, 0x14000092740})
	/usr/local/go/src/net/http/server.go:1966 +0x1510
created by net/http.(*Server).Serve
	/usr/local/go/src/net/http/server.go:3071 +0x800
2022/08/02 20:38:45 server.go:3197: http: panic serving [::1]:60212: open app/views/templates/private_navbar.html: no such file or directory
goroutine 30 [running]:
net/http.(*conn).serve.func1()
	/usr/local/go/src/net/http/server.go:1825 +0x11c
panic({0x101159d60, 0x14000223380})
	/usr/local/go/src/runtime/panic.go:844 +0x26c
text/template.Must(0x0, {0x1011a1c08, 0x14000223380})
	/usr/local/go/src/text/template/helper.go:25 +0x88
main/app/controllers.generateHTML({0x1011a3ec0, 0x140000e0380}, {0x101138a00, 0x1011a0a50}, {0x14000317578, 0x3, 0x3})
	/Users/hirotokadota/go/src/todo-app/app/controllers/server.go:17 +0xdc
main/app/controllers.index({0x1011a3ec0, 0x140000e0380}, 0x140000d2500)
	/Users/hirotokadota/go/src/todo-app/app/controllers/route_main.go:26 +0x144
net/http.HandlerFunc.ServeHTTP(0x10119fd10, {0x1011a3ec0, 0x140000e0380}, 0x140000d2500)
	/usr/local/go/src/net/http/server.go:2084 +0x48
net/http.(*ServeMux).ServeHTTP(0x1013945e0, {0x1011a3ec0, 0x140000e0380}, 0x140000d2500)
	/usr/local/go/src/net/http/server.go:2462 +0x134
net/http.serverHandler.ServeHTTP({0x14000168000}, {0x1011a3ec0, 0x140000e0380}, 0x140000d2500)
	/usr/local/go/src/net/http/server.go:2916 +0x424
net/http.(*conn).serve(0x140000c8280, {0x1011a40a0, 0x1400002b640})
	/usr/local/go/src/net/http/server.go:1966 +0x1510
created by net/http.(*Server).Serve
	/usr/local/go/src/net/http/server.go:3071 +0x800
2022/08/02 20:38:45 server.go:3197: http: panic serving [::1]:60213: open app/views/templates/private_navbar.html: no such file or directory
goroutine 31 [running]:
net/http.(*conn).serve.func1()
	/usr/local/go/src/net/http/server.go:1825 +0x11c
panic({0x101159d60, 0x14000223710})
	/usr/local/go/src/runtime/panic.go:844 +0x26c
text/template.Must(0x0, {0x1011a1c08, 0x14000223710})
	/usr/local/go/src/text/template/helper.go:25 +0x88
main/app/controllers.generateHTML({0x1011a3ec0, 0x140001687e0}, {0x101138a00, 0x1011a0a50}, {0x14000317578, 0x3, 0x3})
	/Users/hirotokadota/go/src/todo-app/app/controllers/server.go:17 +0xdc
main/app/controllers.index({0x1011a3ec0, 0x140001687e0}, 0x140000d2300)
	/Users/hirotokadota/go/src/todo-app/app/controllers/route_main.go:26 +0x144
net/http.HandlerFunc.ServeHTTP(0x10119fd10, {0x1011a3ec0, 0x140001687e0}, 0x140000d2300)
	/usr/local/go/src/net/http/server.go:2084 +0x48
net/http.(*ServeMux).ServeHTTP(0x1013945e0, {0x1011a3ec0, 0x140001687e0}, 0x140000d2300)
	/usr/local/go/src/net/http/server.go:2462 +0x134
net/http.serverHandler.ServeHTTP({0x14000168000}, {0x1011a3ec0, 0x140001687e0}, 0x140000d2300)
	/usr/local/go/src/net/http/server.go:2916 +0x424
net/http.(*conn).serve(0x140000c8320, {0x1011a40a0, 0x14000092940})
	/usr/local/go/src/net/http/server.go:1966 +0x1510
created by net/http.(*Server).Serve
	/usr/local/go/src/net/http/server.go:3071 +0x800
2022/08/02 20:38:45 server.go:3197: http: panic serving [::1]:60214: open app/views/templates/private_navbar.html: no such file or directory
goroutine 63 [running]:
net/http.(*conn).serve.func1()
	/usr/local/go/src/net/http/server.go:1825 +0x11c
panic({0x101159d60, 0x14000223b60})
	/usr/local/go/src/runtime/panic.go:844 +0x26c
text/template.Must(0x0, {0x1011a1c08, 0x14000223b60})
	/usr/local/go/src/text/template/helper.go:25 +0x88
main/app/controllers.generateHTML({0x1011a3ec0, 0x140001688c0}, {0x101138a00, 0x1011a0a50}, {0x14000317578, 0x3, 0x3})
	/Users/hirotokadota/go/src/todo-app/app/controllers/server.go:17 +0xdc
main/app/controllers.index({0x1011a3ec0, 0x140001688c0}, 0x1400015cc00)
	/Users/hirotokadota/go/src/todo-app/app/controllers/route_main.go:26 +0x144
net/http.HandlerFunc.ServeHTTP(0x10119fd10, {0x1011a3ec0, 0x140001688c0}, 0x1400015cc00)
	/usr/local/go/src/net/http/server.go:2084 +0x48
net/http.(*ServeMux).ServeHTTP(0x1013945e0, {0x1011a3ec0, 0x140001688c0}, 0x1400015cc00)
	/usr/local/go/src/net/http/server.go:2462 +0x134
net/http.serverHandler.ServeHTTP({0x14000168000}, {0x1011a3ec0, 0x140001688c0}, 0x1400015cc00)
	/usr/local/go/src/net/http/server.go:2916 +0x424
net/http.(*conn).serve(0x1400011f360, {0x1011a40a0, 0x1400002b940})
	/usr/local/go/src/net/http/server.go:1966 +0x1510
created by net/http.(*Server).Serve
	/usr/local/go/src/net/http/server.go:3071 +0x800
2022/08/02 20:38:46 server.go:3197: http: panic serving [::1]:60215: open app/views/templates/private_navbar.html: no such file or directory
goroutine 98 [running]:
net/http.(*conn).serve.func1()
	/usr/local/go/src/net/http/server.go:1825 +0x11c
panic({0x101159d60, 0x1400018ff20})
	/usr/local/go/src/runtime/panic.go:844 +0x26c
text/template.Must(0x0, {0x1011a1c08, 0x1400018ff20})
	/usr/local/go/src/text/template/helper.go:25 +0x88
main/app/controllers.generateHTML({0x1011a3ec0, 0x140001689a0}, {0x101138a00, 0x1011a0a50}, {0x14000317578, 0x3, 0x3})
	/Users/hirotokadota/go/src/todo-app/app/controllers/server.go:17 +0xdc
main/app/controllers.index({0x1011a3ec0, 0x140001689a0}, 0x140001a2700)
	/Users/hirotokadota/go/src/todo-app/app/controllers/route_main.go:26 +0x144
net/http.HandlerFunc.ServeHTTP(0x10119fd10, {0x1011a3ec0, 0x140001689a0}, 0x140001a2700)
	/usr/local/go/src/net/http/server.go:2084 +0x48
net/http.(*ServeMux).ServeHTTP(0x1013945e0, {0x1011a3ec0, 0x140001689a0}, 0x140001a2700)
	/usr/local/go/src/net/http/server.go:2462 +0x134
net/http.serverHandler.ServeHTTP({0x14000168000}, {0x1011a3ec0, 0x140001689a0}, 0x140001a2700)
	/usr/local/go/src/net/http/server.go:2916 +0x424
net/http.(*conn).serve(0x1400011f400, {0x1011a40a0, 0x14000191180})
	/usr/local/go/src/net/http/server.go:1966 +0x1510
created by net/http.(*Server).Serve
	/usr/local/go/src/net/http/server.go:3071 +0x800
2022/08/02 20:38:51 server.go:3197: http: panic serving [::1]:60216: open app/views/templates/private_navbar.html: no such file or directory
goroutine 99 [running]:
net/http.(*conn).serve.func1()
	/usr/local/go/src/net/http/server.go:1825 +0x11c
panic({0x101159d60, 0x140002f63c0})
	/usr/local/go/src/runtime/panic.go:844 +0x26c
text/template.Must(0x0, {0x1011a1c08, 0x140002f63c0})
	/usr/local/go/src/text/template/helper.go:25 +0x88
main/app/controllers.generateHTML({0x1011a3ec0, 0x140001e0620}, {0x101138a00, 0x1011a0a50}, {0x14000317578, 0x3, 0x3})
	/Users/hirotokadota/go/src/todo-app/app/controllers/server.go:17 +0xdc
main/app/controllers.index({0x1011a3ec0, 0x140001e0620}, 0x1400015ce00)
	/Users/hirotokadota/go/src/todo-app/app/controllers/route_main.go:26 +0x144
net/http.HandlerFunc.ServeHTTP(0x10119fd10, {0x1011a3ec0, 0x140001e0620}, 0x1400015ce00)
	/usr/local/go/src/net/http/server.go:2084 +0x48
net/http.(*ServeMux).ServeHTTP(0x1013945e0, {0x1011a3ec0, 0x140001e0620}, 0x1400015ce00)
	/usr/local/go/src/net/http/server.go:2462 +0x134
net/http.serverHandler.ServeHTTP({0x14000168000}, {0x1011a3ec0, 0x140001e0620}, 0x1400015ce00)
	/usr/local/go/src/net/http/server.go:2916 +0x424
net/http.(*conn).serve(0x1400011f4a0, {0x1011a40a0, 0x1400002bbc0})
	/usr/local/go/src/net/http/server.go:1966 +0x1510
created by net/http.(*Server).Serve
	/usr/local/go/src/net/http/server.go:3071 +0x800
2022/08/02 20:38:51 server.go:3197: http: panic serving [::1]:60218: open app/views/templates/private_navbar.html: no such file or directory
goroutine 69 [running]:
net/http.(*conn).serve.func1()
	/usr/local/go/src/net/http/server.go:1825 +0x11c
panic({0x101159d60, 0x140002f6750})
	/usr/local/go/src/runtime/panic.go:844 +0x26c
text/template.Must(0x0, {0x1011a1c08, 0x140002f6750})
	/usr/local/go/src/text/template/helper.go:25 +0x88
main/app/controllers.generateHTML({0x1011a3ec0, 0x140001e0700}, {0x101138a00, 0x1011a0a50}, {0x14000317578, 0x3, 0x3})
	/Users/hirotokadota/go/src/todo-app/app/controllers/server.go:17 +0xdc
main/app/controllers.index({0x1011a3ec0, 0x140001e0700}, 0x140001a2800)
	/Users/hirotokadota/go/src/todo-app/app/controllers/route_main.go:26 +0x144
net/http.HandlerFunc.ServeHTTP(0x10119fd10, {0x1011a3ec0, 0x140001e0700}, 0x140001a2800)
	/usr/local/go/src/net/http/server.go:2084 +0x48
net/http.(*ServeMux).ServeHTTP(0x1013945e0, {0x1011a3ec0, 0x140001e0700}, 0x140001a2800)
	/usr/local/go/src/net/http/server.go:2462 +0x134
net/http.serverHandler.ServeHTTP({0x14000168000}, {0x1011a3ec0, 0x140001e0700}, 0x140001a2800)
	/usr/local/go/src/net/http/server.go:2916 +0x424
net/http.(*conn).serve(0x140001f8320, {0x1011a40a0, 0x14000191300})
	/usr/local/go/src/net/http/server.go:1966 +0x1510
created by net/http.(*Server).Serve
	/usr/local/go/src/net/http/server.go:3071 +0x800
2022/08/02 20:38:51 server.go:3197: http: panic serving [::1]:60219: open app/views/templates/private_navbar.html: no such file or directory
goroutine 74 [running]:
net/http.(*conn).serve.func1()
	/usr/local/go/src/net/http/server.go:1825 +0x11c
panic({0x101159d60, 0x14000358000})
	/usr/local/go/src/runtime/panic.go:844 +0x26c
text/template.Must(0x0, {0x1011a1c08, 0x14000358000})
	/usr/local/go/src/text/template/helper.go:25 +0x88
main/app/controllers.generateHTML({0x1011a3ec0, 0x140001e07e0}, {0x101138a00, 0x1011a0a50}, {0x14000317578, 0x3, 0x3})
	/Users/hirotokadota/go/src/todo-app/app/controllers/server.go:17 +0xdc
main/app/controllers.index({0x1011a3ec0, 0x140001e07e0}, 0x140001a2900)
	/Users/hirotokadota/go/src/todo-app/app/controllers/route_main.go:26 +0x144
net/http.HandlerFunc.ServeHTTP(0x10119fd10, {0x1011a3ec0, 0x140001e07e0}, 0x140001a2900)
	/usr/local/go/src/net/http/server.go:2084 +0x48
net/http.(*ServeMux).ServeHTTP(0x1013945e0, {0x1011a3ec0, 0x140001e07e0}, 0x140001a2900)
	/usr/local/go/src/net/http/server.go:2462 +0x134
net/http.serverHandler.ServeHTTP({0x14000168000}, {0x1011a3ec0, 0x140001e07e0}, 0x140001a2900)
	/usr/local/go/src/net/http/server.go:2916 +0x424
net/http.(*conn).serve(0x140001f83c0, {0x1011a40a0, 0x14000191780})
	/usr/local/go/src/net/http/server.go:1966 +0x1510
created by net/http.(*Server).Serve
	/usr/local/go/src/net/http/server.go:3071 +0x800
2022/08/02 20:39:09 server.go:3197: http: panic serving [::1]:60221: open app/views/templates/private_navbar.html: no such file or directory
goroutine 102 [running]:
net/http.(*conn).serve.func1()
	/usr/local/go/src/net/http/server.go:1825 +0x11c
panic({0x101159d60, 0x1400009b860})
	/usr/local/go/src/runtime/panic.go:844 +0x26c
text/template.Must(0x0, {0x1011a1c08, 0x1400009b860})
	/usr/local/go/src/text/template/helper.go:25 +0x88
main/app/controllers.generateHTML({0x1011a3ec0, 0x140000e0460}, {0x101138a00, 0x1011a0a50}, {0x14000127578, 0x3, 0x3})
	/Users/hirotokadota/go/src/todo-app/app/controllers/server.go:17 +0xdc
main/app/controllers.index({0x1011a3ec0, 0x140000e0460}, 0x140001a2a00)
	/Users/hirotokadota/go/src/todo-app/app/controllers/route_main.go:26 +0x144
net/http.HandlerFunc.ServeHTTP(0x10119fd10, {0x1011a3ec0, 0x140000e0460}, 0x140001a2a00)
	/usr/local/go/src/net/http/server.go:2084 +0x48
net/http.(*ServeMux).ServeHTTP(0x1013945e0, {0x1011a3ec0, 0x140000e0460}, 0x140001a2a00)
	/usr/local/go/src/net/http/server.go:2462 +0x134
net/http.serverHandler.ServeHTTP({0x14000168000}, {0x1011a3ec0, 0x140000e0460}, 0x140001a2a00)
	/usr/local/go/src/net/http/server.go:2916 +0x424
net/http.(*conn).serve(0x1400011f540, {0x1011a40a0, 0x14000191900})
	/usr/local/go/src/net/http/server.go:1966 +0x1510
created by net/http.(*Server).Serve
	/usr/local/go/src/net/http/server.go:3071 +0x800
2022/08/02 20:39:09 server.go:3197: http: panic serving [::1]:60222: open app/views/templates/private_navbar.html: no such file or directory
goroutine 103 [running]:
net/http.(*conn).serve.func1()
	/usr/local/go/src/net/http/server.go:1825 +0x11c
panic({0x101159d60, 0x140003581e0})
	/usr/local/go/src/runtime/panic.go:844 +0x26c
text/template.Must(0x0, {0x1011a1c08, 0x140003581e0})
	/usr/local/go/src/text/template/helper.go:25 +0x88
main/app/controllers.generateHTML({0x1011a3ec0, 0x140000e0540}, {0x101138a00, 0x1011a0a50}, {0x14000127578, 0x3, 0x3})
	/Users/hirotokadota/go/src/todo-app/app/controllers/server.go:17 +0xdc
main/app/controllers.index({0x1011a3ec0, 0x140000e0540}, 0x1400015cf00)
	/Users/hirotokadota/go/src/todo-app/app/controllers/route_main.go:26 +0x144
net/http.HandlerFunc.ServeHTTP(0x10119fd10, {0x1011a3ec0, 0x140000e0540}, 0x1400015cf00)
	/usr/local/go/src/net/http/server.go:2084 +0x48
net/http.(*ServeMux).ServeHTTP(0x1013945e0, {0x1011a3ec0, 0x140000e0540}, 0x1400015cf00)
	/usr/local/go/src/net/http/server.go:2462 +0x134
net/http.serverHandler.ServeHTTP({0x14000168000}, {0x1011a3ec0, 0x140000e0540}, 0x1400015cf00)
	/usr/local/go/src/net/http/server.go:2916 +0x424
net/http.(*conn).serve(0x1400011f5e0, {0x1011a40a0, 0x1400002be40})
	/usr/local/go/src/net/http/server.go:1966 +0x1510
created by net/http.(*Server).Serve
	/usr/local/go/src/net/http/server.go:3071 +0x800
2022/08/02 20:39:09 server.go:3197: http: panic serving [::1]:60223: open app/views/templates/private_navbar.html: no such file or directory
goroutine 77 [running]:
net/http.(*conn).serve.func1()
	/usr/local/go/src/net/http/server.go:1825 +0x11c
panic({0x101159d60, 0x1400009bbc0})
	/usr/local/go/src/runtime/panic.go:844 +0x26c
text/template.Must(0x0, {0x1011a1c08, 0x1400009bbc0})
	/usr/local/go/src/text/template/helper.go:25 +0x88
main/app/controllers.generateHTML({0x1011a3ec0, 0x140001e08c0}, {0x101138a00, 0x1011a0a50}, {0x140002af578, 0x3, 0x3})
	/Users/hirotokadota/go/src/todo-app/app/controllers/server.go:17 +0xdc
main/app/controllers.index({0x1011a3ec0, 0x140001e08c0}, 0x140001a2b00)
	/Users/hirotokadota/go/src/todo-app/app/controllers/route_main.go:26 +0x144
net/http.HandlerFunc.ServeHTTP(0x10119fd10, {0x1011a3ec0, 0x140001e08c0}, 0x140001a2b00)
	/usr/local/go/src/net/http/server.go:2084 +0x48
net/http.(*ServeMux).ServeHTTP(0x1013945e0, {0x1011a3ec0, 0x140001e08c0}, 0x140001a2b00)
	/usr/local/go/src/net/http/server.go:2462 +0x134
net/http.serverHandler.ServeHTTP({0x14000168000}, {0x1011a3ec0, 0x140001e08c0}, 0x140001a2b00)
	/usr/local/go/src/net/http/server.go:2916 +0x424
net/http.(*conn).serve(0x140001f8460, {0x1011a40a0, 0x14000191a40})
	/usr/local/go/src/net/http/server.go:1966 +0x1510
created by net/http.(*Server).Serve
	/usr/local/go/src/net/http/server.go:3071 +0x800
2022/08/02 20:39:11 server.go:3197: http: panic serving [::1]:60224: open app/views/templates/private_navbar.html: no such file or directory
goroutine 87 [running]:
net/http.(*conn).serve.func1()
	/usr/local/go/src/net/http/server.go:1825 +0x11c
panic({0x101159d60, 0x140002f7020})
	/usr/local/go/src/runtime/panic.go:844 +0x26c
text/template.Must(0x0, {0x1011a1c08, 0x140002f7020})
	/usr/local/go/src/text/template/helper.go:25 +0x88
main/app/controllers.generateHTML({0x1011a3ec0, 0x140000e0700}, {0x101138a00, 0x1011a0a50}, {0x140002af578, 0x3, 0x3})
	/Users/hirotokadota/go/src/todo-app/app/controllers/server.go:17 +0xdc
main/app/controllers.index({0x1011a3ec0, 0x140000e0700}, 0x140000d2900)
	/Users/hirotokadota/go/src/todo-app/app/controllers/route_main.go:26 +0x144
net/http.HandlerFunc.ServeHTTP(0x10119fd10, {0x1011a3ec0, 0x140000e0700}, 0x140000d2900)
	/usr/local/go/src/net/http/server.go:2084 +0x48
net/http.(*ServeMux).ServeHTTP(0x1013945e0, {0x1011a3ec0, 0x140000e0700}, 0x140000d2900)
	/usr/local/go/src/net/http/server.go:2462 +0x134
net/http.serverHandler.ServeHTTP({0x14000168000}, {0x1011a3ec0, 0x140000e0700}, 0x140000d2900)
	/usr/local/go/src/net/http/server.go:2916 +0x424
net/http.(*conn).serve(0x140000c83c0, {0x1011a40a0, 0x14000191c40})
	/usr/local/go/src/net/http/server.go:1966 +0x1510
created by net/http.(*Server).Serve
	/usr/local/go/src/net/http/server.go:3071 +0x800
2022/08/02 20:39:11 server.go:3197: http: panic serving [::1]:60225: open app/views/templates/private_navbar.html: no such file or directory
goroutine 88 [running]:
net/http.(*conn).serve.func1()
	/usr/local/go/src/net/http/server.go:1825 +0x11c
panic({0x101159d60, 0x140004221b0})
	/usr/local/go/src/runtime/panic.go:844 +0x26c
text/template.Must(0x0, {0x1011a1c08, 0x140004221b0})
	/usr/local/go/src/text/template/helper.go:25 +0x88
main/app/controllers.generateHTML({0x1011a3ec0, 0x140001e09a0}, {0x101138a00, 0x1011a0a50}, {0x140002af578, 0x3, 0x3})
	/Users/hirotokadota/go/src/todo-app/app/controllers/server.go:17 +0xdc
main/app/controllers.index({0x1011a3ec0, 0x140001e09a0}, 0x140000d2700)
	/Users/hirotokadota/go/src/todo-app/app/controllers/route_main.go:26 +0x144
net/http.HandlerFunc.ServeHTTP(0x10119fd10, {0x1011a3ec0, 0x140001e09a0}, 0x140000d2700)
	/usr/local/go/src/net/http/server.go:2084 +0x48
net/http.(*ServeMux).ServeHTTP(0x1013945e0, {0x1011a3ec0, 0x140001e09a0}, 0x140000d2700)
	/usr/local/go/src/net/http/server.go:2462 +0x134
net/http.serverHandler.ServeHTTP({0x14000168000}, {0x1011a3ec0, 0x140001e09a0}, 0x140000d2700)
	/usr/local/go/src/net/http/server.go:2916 +0x424
net/http.(*conn).serve(0x140000c8460, {0x1011a40a0, 0x14000092e40})
	/usr/local/go/src/net/http/server.go:1966 +0x1510
created by net/http.(*Server).Serve
	/usr/local/go/src/net/http/server.go:3071 +0x800
2022/08/02 20:39:11 server.go:3197: http: panic serving [::1]:60226: open app/views/templates/private_navbar.html: no such file or directory
goroutine 114 [running]:
net/http.(*conn).serve.func1()
	/usr/local/go/src/net/http/server.go:1825 +0x11c
panic({0x101159d60, 0x14000422300})
	/usr/local/go/src/runtime/panic.go:844 +0x26c
text/template.Must(0x0, {0x1011a1c08, 0x14000422300})
	/usr/local/go/src/text/template/helper.go:25 +0x88
main/app/controllers.generateHTML({0x1011a3ec0, 0x140001e0a80}, {0x101138a00, 0x1011a0a50}, {0x140003c1578, 0x3, 0x3})
	/Users/hirotokadota/go/src/todo-app/app/controllers/server.go:17 +0xdc
main/app/controllers.index({0x1011a3ec0, 0x140001e0a80}, 0x140001a2e00)
	/Users/hirotokadota/go/src/todo-app/app/controllers/route_main.go:26 +0x144
net/http.HandlerFunc.ServeHTTP(0x10119fd10, {0x1011a3ec0, 0x140001e0a80}, 0x140001a2e00)
	/usr/local/go/src/net/http/server.go:2084 +0x48
net/http.(*ServeMux).ServeHTTP(0x1013945e0, {0x1011a3ec0, 0x140001e0a80}, 0x140001a2e00)
	/usr/local/go/src/net/http/server.go:2462 +0x134
net/http.serverHandler.ServeHTTP({0x14000168000}, {0x1011a3ec0, 0x140001e0a80}, 0x140001a2e00)
	/usr/local/go/src/net/http/server.go:2916 +0x424
net/http.(*conn).serve(0x140001f8500, {0x1011a40a0, 0x14000191f00})
	/usr/local/go/src/net/http/server.go:1966 +0x1510
created by net/http.(*Server).Serve
	/usr/local/go/src/net/http/server.go:3071 +0x800
2022/08/02 20:39:12 server.go:3197: http: panic serving [::1]:60227: open app/views/templates/private_navbar.html: no such file or directory
goroutine 92 [running]:
net/http.(*conn).serve.func1()
	/usr/local/go/src/net/http/server.go:1825 +0x11c
panic({0x101159d60, 0x14000422450})
	/usr/local/go/src/runtime/panic.go:844 +0x26c
text/template.Must(0x0, {0x1011a1c08, 0x14000422450})
	/usr/local/go/src/text/template/helper.go:25 +0x88
main/app/controllers.generateHTML({0x1011a3ec0, 0x14000168a80}, {0x101138a00, 0x1011a0a50}, {0x14000127578, 0x3, 0x3})
	/Users/hirotokadota/go/src/todo-app/app/controllers/server.go:17 +0xdc
main/app/controllers.index({0x1011a3ec0, 0x14000168a80}, 0x1400015d000)
	/Users/hirotokadota/go/src/todo-app/app/controllers/route_main.go:26 +0x144
net/http.HandlerFunc.ServeHTTP(0x10119fd10, {0x1011a3ec0, 0x14000168a80}, 0x1400015d000)
	/usr/local/go/src/net/http/server.go:2084 +0x48
net/http.(*ServeMux).ServeHTTP(0x1013945e0, {0x1011a3ec0, 0x14000168a80}, 0x1400015d000)
	/usr/local/go/src/net/http/server.go:2462 +0x134
net/http.serverHandler.ServeHTTP({0x14000168000}, {0x1011a3ec0, 0x14000168a80}, 0x1400015d000)
	/usr/local/go/src/net/http/server.go:2916 +0x424
net/http.(*conn).serve(0x140000c8500, {0x1011a40a0, 0x1400037e040})
	/usr/local/go/src/net/http/server.go:1966 +0x1510
created by net/http.(*Server).Serve
	/usr/local/go/src/net/http/server.go:3071 +0x800
2022/08/02 20:39:14 server.go:3197: http: panic serving [::1]:60228: open app/views/templates/private_navbar.html: no such file or directory
goroutine 93 [running]:
net/http.(*conn).serve.func1()
	/usr/local/go/src/net/http/server.go:1825 +0x11c
panic({0x101159d60, 0x140002f7710})
	/usr/local/go/src/runtime/panic.go:844 +0x26c
text/template.Must(0x0, {0x1011a1c08, 0x140002f7710})
	/usr/local/go/src/text/template/helper.go:25 +0x88
main/app/controllers.generateHTML({0x1011a3ec0, 0x140000e07e0}, {0x101138a00, 0x1011a0a50}, {0x14000127578, 0x3, 0x3})
	/Users/hirotokadota/go/src/todo-app/app/controllers/server.go:17 +0xdc
main/app/controllers.index({0x1011a3ec0, 0x140000e07e0}, 0x140000d2b00)
	/Users/hirotokadota/go/src/todo-app/app/controllers/route_main.go:26 +0x144
net/http.HandlerFunc.ServeHTTP(0x10119fd10, {0x1011a3ec0, 0x140000e07e0}, 0x140000d2b00)
	/usr/local/go/src/net/http/server.go:2084 +0x48
net/http.(*ServeMux).ServeHTTP(0x1013945e0, {0x1011a3ec0, 0x140000e07e0}, 0x140000d2b00)
	/usr/local/go/src/net/http/server.go:2462 +0x134
net/http.serverHandler.ServeHTTP({0x14000168000}, {0x1011a3ec0, 0x140000e07e0}, 0x140000d2b00)
	/usr/local/go/src/net/http/server.go:2916 +0x424
net/http.(*conn).serve(0x140000c85a0, {0x1011a40a0, 0x14000093140})
	/usr/local/go/src/net/http/server.go:1966 +0x1510
created by net/http.(*Server).Serve
	/usr/local/go/src/net/http/server.go:3071 +0x800
2022/08/02 20:39:14 server.go:3197: http: panic serving [::1]:60230: open app/views/templates/private_navbar.html: no such file or directory
goroutine 94 [running]:
net/http.(*conn).serve.func1()
	/usr/local/go/src/net/http/server.go:1825 +0x11c
panic({0x101159d60, 0x140003585d0})
	/usr/local/go/src/runtime/panic.go:844 +0x26c
text/template.Must(0x0, {0x1011a1c08, 0x140003585d0})
	/usr/local/go/src/text/template/helper.go:25 +0x88
main/app/controllers.generateHTML({0x1011a3ec0, 0x140001e0b60}, {0x101138a00, 0x1011a0a50}, {0x14000127578, 0x3, 0x3})
	/Users/hirotokadota/go/src/todo-app/app/controllers/server.go:17 +0xdc
main/app/controllers.index({0x1011a3ec0, 0x140001e0b60}, 0x140000d2c00)
	/Users/hirotokadota/go/src/todo-app/app/controllers/route_main.go:26 +0x144
net/http.HandlerFunc.ServeHTTP(0x10119fd10, {0x1011a3ec0, 0x140001e0b60}, 0x140000d2c00)
	/usr/local/go/src/net/http/server.go:2084 +0x48
net/http.(*ServeMux).ServeHTTP(0x1013945e0, {0x1011a3ec0, 0x140001e0b60}, 0x140000d2c00)
	/usr/local/go/src/net/http/server.go:2462 +0x134
net/http.serverHandler.ServeHTTP({0x14000168000}, {0x1011a3ec0, 0x140001e0b60}, 0x140000d2c00)
	/usr/local/go/src/net/http/server.go:2916 +0x424
net/http.(*conn).serve(0x140000c8640, {0x1011a40a0, 0x14000093200})
	/usr/local/go/src/net/http/server.go:1966 +0x1510
created by net/http.(*Server).Serve
	/usr/local/go/src/net/http/server.go:3071 +0x800
2022/08/02 20:39:14 server.go:3197: http: panic serving [::1]:60231: open app/views/templates/private_navbar.html: no such file or directory
goroutine 106 [running]:
net/http.(*conn).serve.func1()
	/usr/local/go/src/net/http/server.go:1825 +0x11c
panic({0x101159d60, 0x14000358a20})
	/usr/local/go/src/runtime/panic.go:844 +0x26c
text/template.Must(0x0, {0x1011a1c08, 0x14000358a20})
	/usr/local/go/src/text/template/helper.go:25 +0x88
main/app/controllers.generateHTML({0x1011a3ec0, 0x14000168b60}, {0x101138a00, 0x1011a0a50}, {0x14000127578, 0x3, 0x3})
	/Users/hirotokadota/go/src/todo-app/app/controllers/server.go:17 +0xdc
main/app/controllers.index({0x1011a3ec0, 0x14000168b60}, 0x1400015d100)
	/Users/hirotokadota/go/src/todo-app/app/controllers/route_main.go:26 +0x144
net/http.HandlerFunc.ServeHTTP(0x10119fd10, {0x1011a3ec0, 0x14000168b60}, 0x1400015d100)
	/usr/local/go/src/net/http/server.go:2084 +0x48
net/http.(*ServeMux).ServeHTTP(0x1013945e0, {0x1011a3ec0, 0x14000168b60}, 0x1400015d100)
	/usr/local/go/src/net/http/server.go:2462 +0x134
net/http.serverHandler.ServeHTTP({0x14000168000}, {0x1011a3ec0, 0x14000168b60}, 0x1400015d100)
	/usr/local/go/src/net/http/server.go:2916 +0x424
net/http.(*conn).serve(0x1400011f680, {0x1011a40a0, 0x1400037e280})
	/usr/local/go/src/net/http/server.go:1966 +0x1510
created by net/http.(*Server).Serve
	/usr/local/go/src/net/http/server.go:3071 +0x800
2022/08/02 20:39:46 server.go:3197: http: panic serving [::1]:60252: open app/views/templates/private_navbar.html: no such file or directory
goroutine 5 [running]:
net/http.(*conn).serve.func1()
	/usr/local/go/src/net/http/server.go:1825 +0x11c
panic({0x10118dd60, 0x1400018e1e0})
	/usr/local/go/src/runtime/panic.go:844 +0x26c
text/template.Must(0x0, {0x1011d5bf8, 0x1400018e1e0})
	/usr/local/go/src/text/template/helper.go:25 +0x88
main/app/controllers.generateHTML({0x1011d7eb0, 0x140001680e0}, {0x0, 0x0}, {0x14000127578, 0x3, 0x3})
	/Users/hirotokadota/go/src/todo-app/app/controllers/server.go:17 +0xdc
main/app/controllers.index({0x1011d7eb0, 0x140001680e0}, 0x140001a2000)
	/Users/hirotokadota/go/src/todo-app/app/controllers/route_main.go:26 +0x13c
net/http.HandlerFunc.ServeHTTP(0x1011d3d10, {0x1011d7eb0, 0x140001680e0}, 0x140001a2000)
	/usr/local/go/src/net/http/server.go:2084 +0x48
net/http.(*ServeMux).ServeHTTP(0x1013c85e0, {0x1011d7eb0, 0x140001680e0}, 0x140001a2000)
	/usr/local/go/src/net/http/server.go:2462 +0x134
net/http.serverHandler.ServeHTTP({0x14000168000}, {0x1011d7eb0, 0x140001680e0}, 0x140001a2000)
	/usr/local/go/src/net/http/server.go:2916 +0x424
net/http.(*conn).serve(0x1400011ee60, {0x1011d8090, 0x14000190000})
	/usr/local/go/src/net/http/server.go:1966 +0x1510
created by net/http.(*Server).Serve
	/usr/local/go/src/net/http/server.go:3071 +0x800
2022/08/02 20:39:46 server.go:3197: http: panic serving [::1]:60253: open app/views/templates/private_navbar.html: no such file or directory
goroutine 6 [running]:
net/http.(*conn).serve.func1()
	/usr/local/go/src/net/http/server.go:1825 +0x11c
panic({0x10118dd60, 0x1400018e570})
	/usr/local/go/src/runtime/panic.go:844 +0x26c
text/template.Must(0x0, {0x1011d5bf8, 0x1400018e570})
	/usr/local/go/src/text/template/helper.go:25 +0x88
main/app/controllers.generateHTML({0x1011d7eb0, 0x140001de000}, {0x0, 0x0}, {0x14000127578, 0x3, 0x3})
	/Users/hirotokadota/go/src/todo-app/app/controllers/server.go:17 +0xdc
main/app/controllers.index({0x1011d7eb0, 0x140001de000}, 0x140001a2100)
	/Users/hirotokadota/go/src/todo-app/app/controllers/route_main.go:26 +0x13c
net/http.HandlerFunc.ServeHTTP(0x1011d3d10, {0x1011d7eb0, 0x140001de000}, 0x140001a2100)
	/usr/local/go/src/net/http/server.go:2084 +0x48
net/http.(*ServeMux).ServeHTTP(0x1013c85e0, {0x1011d7eb0, 0x140001de000}, 0x140001a2100)
	/usr/local/go/src/net/http/server.go:2462 +0x134
net/http.serverHandler.ServeHTTP({0x14000168000}, {0x1011d7eb0, 0x140001de000}, 0x140001a2100)
	/usr/local/go/src/net/http/server.go:2916 +0x424
net/http.(*conn).serve(0x1400011ef00, {0x1011d8090, 0x1400002a4c0})
	/usr/local/go/src/net/http/server.go:1966 +0x1510
created by net/http.(*Server).Serve
	/usr/local/go/src/net/http/server.go:3071 +0x800
2022/08/02 20:39:46 server.go:3197: http: panic serving [::1]:60255: open app/views/templates/private_navbar.html: no such file or directory
goroutine 36 [running]:
net/http.(*conn).serve.func1()
	/usr/local/go/src/net/http/server.go:1825 +0x11c
panic({0x10118dd60, 0x1400007f770})
	/usr/local/go/src/runtime/panic.go:844 +0x26c
text/template.Must(0x0, {0x1011d5bf8, 0x1400007f770})
	/usr/local/go/src/text/template/helper.go:25 +0x88
main/app/controllers.generateHTML({0x1011d7eb0, 0x140001de0e0}, {0x0, 0x0}, {0x14000127578, 0x3, 0x3})
	/Users/hirotokadota/go/src/todo-app/app/controllers/server.go:17 +0xdc
main/app/controllers.index({0x1011d7eb0, 0x140001de0e0}, 0x140001a2200)
	/Users/hirotokadota/go/src/todo-app/app/controllers/route_main.go:26 +0x13c
net/http.HandlerFunc.ServeHTTP(0x1011d3d10, {0x1011d7eb0, 0x140001de0e0}, 0x140001a2200)
	/usr/local/go/src/net/http/server.go:2084 +0x48
net/http.(*ServeMux).ServeHTTP(0x1013c85e0, {0x1011d7eb0, 0x140001de0e0}, 0x140001a2200)
	/usr/local/go/src/net/http/server.go:2462 +0x134
net/http.serverHandler.ServeHTTP({0x14000168000}, {0x1011d7eb0, 0x140001de0e0}, 0x140001a2200)
	/usr/local/go/src/net/http/server.go:2916 +0x424
net/http.(*conn).serve(0x140001f8000, {0x1011d8090, 0x14000190380})
	/usr/local/go/src/net/http/server.go:1966 +0x1510
created by net/http.(*Server).Serve
	/usr/local/go/src/net/http/server.go:3071 +0x800
2022/08/02 20:39:47 server.go:3197: http: panic serving [::1]:60256: open app/views/templates/private_navbar.html: no such file or directory
goroutine 9 [running]:
net/http.(*conn).serve.func1()
	/usr/local/go/src/net/http/server.go:1825 +0x11c
panic({0x10118dd60, 0x1400018ea20})
	/usr/local/go/src/runtime/panic.go:844 +0x26c
text/template.Must(0x0, {0x1011d5bf8, 0x1400018ea20})
	/usr/local/go/src/text/template/helper.go:25 +0x88
main/app/controllers.generateHTML({0x1011d7eb0, 0x140000be000}, {0x0, 0x0}, {0x140000cf578, 0x3, 0x3})
	/Users/hirotokadota/go/src/todo-app/app/controllers/server.go:17 +0xdc
main/app/controllers.index({0x1011d7eb0, 0x140000be000}, 0x140000a8000)
	/Users/hirotokadota/go/src/todo-app/app/controllers/route_main.go:26 +0x13c
net/http.HandlerFunc.ServeHTTP(0x1011d3d10, {0x1011d7eb0, 0x140000be000}, 0x140000a8000)
	/usr/local/go/src/net/http/server.go:2084 +0x48
net/http.(*ServeMux).ServeHTTP(0x1013c85e0, {0x1011d7eb0, 0x140000be000}, 0x140000a8000)
	/usr/local/go/src/net/http/server.go:2462 +0x134
net/http.serverHandler.ServeHTTP({0x14000168000}, {0x1011d7eb0, 0x140000be000}, 0x140000a8000)
	/usr/local/go/src/net/http/server.go:2916 +0x424
net/http.(*conn).serve(0x1400011efa0, {0x1011d8090, 0x140000920c0})
	/usr/local/go/src/net/http/server.go:1966 +0x1510
created by net/http.(*Server).Serve
	/usr/local/go/src/net/http/server.go:3071 +0x800
2022/08/02 20:39:47 server.go:3197: http: panic serving [::1]:60257: open app/views/templates/private_navbar.html: no such file or directory
goroutine 10 [running]:
net/http.(*conn).serve.func1()
	/usr/local/go/src/net/http/server.go:1825 +0x11c
panic({0x10118dd60, 0x1400007faa0})
	/usr/local/go/src/runtime/panic.go:844 +0x26c
text/template.Must(0x0, {0x1011d5bf8, 0x1400007faa0})
	/usr/local/go/src/text/template/helper.go:25 +0x88
main/app/controllers.generateHTML({0x1011d7eb0, 0x140000be0e0}, {0x0, 0x0}, {0x140000cb578, 0x3, 0x3})
	/Users/hirotokadota/go/src/todo-app/app/controllers/server.go:17 +0xdc
main/app/controllers.index({0x1011d7eb0, 0x140000be0e0}, 0x1400015c100)
	/Users/hirotokadota/go/src/todo-app/app/controllers/route_main.go:26 +0x13c
net/http.HandlerFunc.ServeHTTP(0x1011d3d10, {0x1011d7eb0, 0x140000be0e0}, 0x1400015c100)
	/usr/local/go/src/net/http/server.go:2084 +0x48
net/http.(*ServeMux).ServeHTTP(0x1013c85e0, {0x1011d7eb0, 0x140000be0e0}, 0x1400015c100)
	/usr/local/go/src/net/http/server.go:2462 +0x134
net/http.serverHandler.ServeHTTP({0x14000168000}, {0x1011d7eb0, 0x140000be0e0}, 0x1400015c100)
	/usr/local/go/src/net/http/server.go:2916 +0x424
net/http.(*conn).serve(0x1400011f040, {0x1011d8090, 0x1400002a700})
	/usr/local/go/src/net/http/server.go:1966 +0x1510
created by net/http.(*Server).Serve
	/usr/local/go/src/net/http/server.go:3071 +0x800
2022/08/02 20:39:47 server.go:3197: http: panic serving [::1]:60258: open app/views/templates/private_navbar.html: no such file or directory
goroutine 39 [running]:
net/http.(*conn).serve.func1()
	/usr/local/go/src/net/http/server.go:1825 +0x11c
panic({0x10118dd60, 0x1400007fe30})
	/usr/local/go/src/runtime/panic.go:844 +0x26c
text/template.Must(0x0, {0x1011d5bf8, 0x1400007fe30})
	/usr/local/go/src/text/template/helper.go:25 +0x88
main/app/controllers.generateHTML({0x1011d7eb0, 0x140001681c0}, {0x0, 0x0}, {0x140000cb578, 0x3, 0x3})
	/Users/hirotokadota/go/src/todo-app/app/controllers/server.go:17 +0xdc
main/app/controllers.index({0x1011d7eb0, 0x140001681c0}, 0x140001a2300)
	/Users/hirotokadota/go/src/todo-app/app/controllers/route_main.go:26 +0x13c
net/http.HandlerFunc.ServeHTTP(0x1011d3d10, {0x1011d7eb0, 0x140001681c0}, 0x140001a2300)
	/usr/local/go/src/net/http/server.go:2084 +0x48
net/http.(*ServeMux).ServeHTTP(0x1013c85e0, {0x1011d7eb0, 0x140001681c0}, 0x140001a2300)
	/usr/local/go/src/net/http/server.go:2462 +0x134
net/http.serverHandler.ServeHTTP({0x14000168000}, {0x1011d7eb0, 0x140001681c0}, 0x140001a2300)
	/usr/local/go/src/net/http/server.go:2916 +0x424
net/http.(*conn).serve(0x140001f80a0, {0x1011d8090, 0x14000190600})
	/usr/local/go/src/net/http/server.go:1966 +0x1510
created by net/http.(*Server).Serve
	/usr/local/go/src/net/http/server.go:3071 +0x800
2022/08/02 20:39:47 server.go:3197: http: panic serving [::1]:60259: open app/views/templates/private_navbar.html: no such file or directory
goroutine 40 [running]:
net/http.(*conn).serve.func1()
	/usr/local/go/src/net/http/server.go:1825 +0x11c
panic({0x10118dd60, 0x1400018ef30})
	/usr/local/go/src/runtime/panic.go:844 +0x26c
text/template.Must(0x0, {0x1011d5bf8, 0x1400018ef30})
	/usr/local/go/src/text/template/helper.go:25 +0x88
main/app/controllers.generateHTML({0x1011d7eb0, 0x140001de1c0}, {0x0, 0x0}, {0x140000cf578, 0x3, 0x3})
	/Users/hirotokadota/go/src/todo-app/app/controllers/server.go:17 +0xdc
main/app/controllers.index({0x1011d7eb0, 0x140001de1c0}, 0x140001a2400)
	/Users/hirotokadota/go/src/todo-app/app/controllers/route_main.go:26 +0x13c
net/http.HandlerFunc.ServeHTTP(0x1011d3d10, {0x1011d7eb0, 0x140001de1c0}, 0x140001a2400)
	/usr/local/go/src/net/http/server.go:2084 +0x48
net/http.(*ServeMux).ServeHTTP(0x1013c85e0, {0x1011d7eb0, 0x140001de1c0}, 0x140001a2400)
	/usr/local/go/src/net/http/server.go:2462 +0x134
net/http.serverHandler.ServeHTTP({0x14000168000}, {0x1011d7eb0, 0x140001de1c0}, 0x140001a2400)
	/usr/local/go/src/net/http/server.go:2916 +0x424
net/http.(*conn).serve(0x140001f8140, {0x1011d8090, 0x14000190680})
	/usr/local/go/src/net/http/server.go:1966 +0x1510
created by net/http.(*Server).Serve
	/usr/local/go/src/net/http/server.go:3071 +0x800
2022/08/02 20:39:48 server.go:3197: http: panic serving [::1]:60260: open app/views/templates/private_navbar.html: no such file or directory
goroutine 43 [running]:
net/http.(*conn).serve.func1()
	/usr/local/go/src/net/http/server.go:1825 +0x11c
panic({0x10118dd60, 0x1400017c270})
	/usr/local/go/src/runtime/panic.go:844 +0x26c
text/template.Must(0x0, {0x1011d5bf8, 0x1400017c270})
	/usr/local/go/src/text/template/helper.go:25 +0x88
main/app/controllers.generateHTML({0x1011d7eb0, 0x140001682a0}, {0x0, 0x0}, {0x140000cb578, 0x3, 0x3})
	/Users/hirotokadota/go/src/todo-app/app/controllers/server.go:17 +0xdc
main/app/controllers.index({0x1011d7eb0, 0x140001682a0}, 0x140000a8100)
	/Users/hirotokadota/go/src/todo-app/app/controllers/route_main.go:26 +0x13c
net/http.HandlerFunc.ServeHTTP(0x1011d3d10, {0x1011d7eb0, 0x140001682a0}, 0x140000a8100)
	/usr/local/go/src/net/http/server.go:2084 +0x48
net/http.(*ServeMux).ServeHTTP(0x1013c85e0, {0x1011d7eb0, 0x140001682a0}, 0x140000a8100)
	/usr/local/go/src/net/http/server.go:2462 +0x134
net/http.serverHandler.ServeHTTP({0x14000168000}, {0x1011d7eb0, 0x140001682a0}, 0x140000a8100)
	/usr/local/go/src/net/http/server.go:2916 +0x424
net/http.(*conn).serve(0x140001f81e0, {0x1011d8090, 0x14000092340})
	/usr/local/go/src/net/http/server.go:1966 +0x1510
created by net/http.(*Server).Serve
	/usr/local/go/src/net/http/server.go:3071 +0x800
2022/08/02 20:39:48 server.go:3197: http: panic serving [::1]:60261: open app/views/templates/private_navbar.html: no such file or directory
goroutine 44 [running]:
net/http.(*conn).serve.func1()
	/usr/local/go/src/net/http/server.go:1825 +0x11c
panic({0x10118dd60, 0x1400018f080})
	/usr/local/go/src/runtime/panic.go:844 +0x26c
text/template.Must(0x0, {0x1011d5bf8, 0x1400018f080})
	/usr/local/go/src/text/template/helper.go:25 +0x88
main/app/controllers.generateHTML({0x1011d7eb0, 0x14000168380}, {0x0, 0x0}, {0x140000cb578, 0x3, 0x3})
	/Users/hirotokadota/go/src/todo-app/app/controllers/server.go:17 +0xdc
main/app/controllers.index({0x1011d7eb0, 0x14000168380}, 0x140001a2500)
	/Users/hirotokadota/go/src/todo-app/app/controllers/route_main.go:26 +0x13c
net/http.HandlerFunc.ServeHTTP(0x1011d3d10, {0x1011d7eb0, 0x14000168380}, 0x140001a2500)
	/usr/local/go/src/net/http/server.go:2084 +0x48
net/http.(*ServeMux).ServeHTTP(0x1013c85e0, {0x1011d7eb0, 0x14000168380}, 0x140001a2500)
	/usr/local/go/src/net/http/server.go:2462 +0x134
net/http.serverHandler.ServeHTTP({0x14000168000}, {0x1011d7eb0, 0x14000168380}, 0x140001a2500)
	/usr/local/go/src/net/http/server.go:2916 +0x424
net/http.(*conn).serve(0x140001f8280, {0x1011d8090, 0x14000190900})
	/usr/local/go/src/net/http/server.go:1966 +0x1510
created by net/http.(*Server).Serve
	/usr/local/go/src/net/http/server.go:3071 +0x800
2022/08/02 20:39:48 server.go:3197: http: panic serving [::1]:60262: open app/views/templates/private_navbar.html: no such file or directory
goroutine 45 [running]:
net/http.(*conn).serve.func1()
	/usr/local/go/src/net/http/server.go:1825 +0x11c
panic({0x10118dd60, 0x1400018f4d0})
	/usr/local/go/src/runtime/panic.go:844 +0x26c
text/template.Must(0x0, {0x1011d5bf8, 0x1400018f4d0})
	/usr/local/go/src/text/template/helper.go:25 +0x88
main/app/controllers.generateHTML({0x1011d7eb0, 0x140001de2a0}, {0x0, 0x0}, {0x140000cb578, 0x3, 0x3})
	/Users/hirotokadota/go/src/todo-app/app/controllers/server.go:17 +0xdc
main/app/controllers.index({0x1011d7eb0, 0x140001de2a0}, 0x140001a2600)
	/Users/hirotokadota/go/src/todo-app/app/controllers/route_main.go:26 +0x13c
net/http.HandlerFunc.ServeHTTP(0x1011d3d10, {0x1011d7eb0, 0x140001de2a0}, 0x140001a2600)
	/usr/local/go/src/net/http/server.go:2084 +0x48
net/http.(*ServeMux).ServeHTTP(0x1013c85e0, {0x1011d7eb0, 0x140001de2a0}, 0x140001a2600)
	/usr/local/go/src/net/http/server.go:2462 +0x134
net/http.serverHandler.ServeHTTP({0x14000168000}, {0x1011d7eb0, 0x140001de2a0}, 0x140001a2600)
	/usr/local/go/src/net/http/server.go:2916 +0x424
net/http.(*conn).serve(0x140001f8320, {0x1011d8090, 0x140001909c0})
	/usr/local/go/src/net/http/server.go:1966 +0x1510
created by net/http.(*Server).Serve
	/usr/local/go/src/net/http/server.go:3071 +0x800
2022/08/02 20:39:53 server.go:3197: http: panic serving [::1]:60264: open app/views/templates/private_navbar.html: no such file or directory
goroutine 50 [running]:
net/http.(*conn).serve.func1()
	/usr/local/go/src/net/http/server.go:1825 +0x11c
panic({0x10118dd60, 0x1400017c7b0})
	/usr/local/go/src/runtime/panic.go:844 +0x26c
text/template.Must(0x0, {0x1011d5bf8, 0x1400017c7b0})
	/usr/local/go/src/text/template/helper.go:25 +0x88
main/app/controllers.generateHTML({0x1011d7eb0, 0x140001de380}, {0x0, 0x0}, {0x140000cb578, 0x3, 0x3})
	/Users/hirotokadota/go/src/todo-app/app/controllers/server.go:17 +0xdc
main/app/controllers.index({0x1011d7eb0, 0x140001de380}, 0x140001a2700)
	/Users/hirotokadota/go/src/todo-app/app/controllers/route_main.go:26 +0x13c
net/http.HandlerFunc.ServeHTTP(0x1011d3d10, {0x1011d7eb0, 0x140001de380}, 0x140001a2700)
	/usr/local/go/src/net/http/server.go:2084 +0x48
net/http.(*ServeMux).ServeHTTP(0x1013c85e0, {0x1011d7eb0, 0x140001de380}, 0x140001a2700)
	/usr/local/go/src/net/http/server.go:2462 +0x134
net/http.serverHandler.ServeHTTP({0x14000168000}, {0x1011d7eb0, 0x140001de380}, 0x140001a2700)
	/usr/local/go/src/net/http/server.go:2916 +0x424
net/http.(*conn).serve(0x1400011f0e0, {0x1011d8090, 0x14000190c40})
	/usr/local/go/src/net/http/server.go:1966 +0x1510
created by net/http.(*Server).Serve
	/usr/local/go/src/net/http/server.go:3071 +0x800
